[2025-09-24T16:45:26.955Z] ERROR: Cannot read properties of undefined (reading 'userService')
[2025-09-24T17:24:12.036Z] ERROR: Cast to string failed for value "{ Estado: true, Respuesta: '7cd84bf62a6de313079046cf00384a7a' }" (type Object) at path "Phone" for model "Mongo_User"
[2025-09-24T17:24:39.900Z] ERROR: Cast to string failed for value "{ Estado: true, Respuesta: '7cd84bf62a6de313079046cf00384a7a' }" (type Object) at path "Phone" for model "Mongo_User"
[2025-09-24T17:25:04.465Z] ERROR: Cast to string failed for value "{ Estado: true, Respuesta: '7cd84bf62a6de313079046cf00384a7a' }" (type Object) at path "Phone" for model "Mongo_User"
[2025-09-24T21:01:36.758Z] ERROR: Operation `Users.findOne()` buffering timed out after 10000ms
[2025-09-24T23:00:53.890Z] ERROR: Operation `Users.findOne()` buffering timed out after 10000ms
[2025-09-25T21:03:19.460Z] ERROR: user_db_ts_1.Mongo_User.findOne(...).select is not a function
[2025-09-25T21:03:19.468Z] ERROR: user_db_ts_1.Mongo_User.findOne(...).select is not a function
[2025-09-25T21:12:18.534Z] ERROR: Error en encriptación
[2025-09-25T21:12:18.540Z] ERROR: Error en encriptación
[2025-09-25T21:12:57.652Z] ERROR: Error en encriptación
[2025-09-25T21:12:57.659Z] ERROR: Error en encriptación
[2025-09-25T21:12:57.663Z] ERROR: Error en encriptación
[2025-09-25T21:13:50.672Z] ERROR: Error en encriptación
[2025-09-25T21:13:50.678Z] ERROR: Error en encriptación
[2025-09-25T21:13:50.682Z] ERROR: Error en encriptación
[2025-09-25T21:13:50.684Z] ERROR: Error en encriptación
[2025-09-25T21:14:53.893Z] ERROR: Error en encriptación
[2025-09-25T21:14:53.898Z] ERROR: Error en encriptación
[2025-09-25T21:14:53.902Z] ERROR: Error en encriptación
[2025-09-25T21:14:53.906Z] ERROR: Error en encriptación
[2025-09-25T21:14:53.910Z] ERROR: Error en encriptación
[2025-09-25T21:15:14.116Z] ERROR: Error en encriptación
[2025-09-25T21:15:14.121Z] ERROR: Error en encriptación
[2025-09-25T21:15:14.128Z] ERROR: Error en encriptación
[2025-09-25T21:15:14.131Z] ERROR: Error en encriptación
[2025-09-25T21:15:14.135Z] ERROR: Error en encriptación
[2025-09-25T21:17:20.283Z] ERROR: Error en encriptación
[2025-09-25T21:17:20.287Z] ERROR: Error en encriptación
[2025-09-25T21:17:20.291Z] ERROR: Error en encriptación
[2025-09-25T21:17:20.296Z] ERROR: Error en encriptación
[2025-09-25T21:17:20.300Z] ERROR: Error en encriptación
[2025-09-25T21:40:35.918Z] ERROR: Error en encriptación
[2025-09-25T21:40:35.922Z] ERROR: Error en encriptación
[2025-09-25T21:40:35.925Z] ERROR: Error en encriptación
[2025-09-25T21:40:35.939Z] ERROR: Error en encriptación
[2025-09-25T21:40:35.943Z] ERROR: Error en encriptación
[2025-09-25T21:41:28.319Z] ERROR: Error en encriptación
[2025-09-25T21:41:28.325Z] ERROR: Error en encriptación
[2025-09-25T21:41:28.329Z] ERROR: Error en encriptación
[2025-09-25T21:41:28.334Z] ERROR: Error en encriptación
[2025-09-25T21:41:28.337Z] ERROR: Error en encriptación
[2025-09-25T21:48:48.732Z] ERROR: Cannot set headers after they are sent to the client
[2025-09-25T21:54:24.761Z] ERROR: Expected "payload" to be a plain object.
[2025-09-25T22:10:23.675Z] ERROR: jwt malformed
[2025-09-25T22:22:25.002Z] ERROR: Bad control character in string literal in JSON at position 32 (line 1 column 33)
[2025-09-25T22:31:22.627Z] ERROR: Error en encriptación
[2025-09-25T22:31:22.631Z] ERROR: Error en encriptación
[2025-09-25T22:31:22.635Z] ERROR: Error en encriptación
[2025-09-25T22:31:22.639Z] ERROR: Error en encriptación
[2025-09-25T22:31:22.643Z] ERROR: Error en encriptación
[2025-09-25T22:37:58.992Z] ERROR: Error en encriptación
[2025-09-25T22:37:58.995Z] ERROR: Error en encriptación
[2025-09-25T22:37:58.997Z] ERROR: Error en encriptación
[2025-09-25T22:37:58.999Z] ERROR: Error en encriptación
[2025-09-25T22:37:59.002Z] ERROR: Error en encriptación
[2025-09-25T22:39:43.493Z] ERROR: Error en encriptación
[2025-09-25T22:39:43.496Z] ERROR: Error en encriptación
[2025-09-25T22:39:43.500Z] ERROR: Error en encriptación
[2025-09-25T22:39:43.503Z] ERROR: Error en encriptación
[2025-09-25T22:39:43.506Z] ERROR: Error en encriptación
[2025-09-25T22:41:01.998Z] ERROR: Error en encriptación
[2025-09-25T22:41:02.001Z] ERROR: Error en encriptación
[2025-09-25T22:41:02.003Z] ERROR: Error en encriptación
[2025-09-25T22:41:02.005Z] ERROR: Error en encriptación
[2025-09-25T22:41:02.008Z] ERROR: Error en encriptación
[2025-09-25T22:41:02.267Z] ERROR: Falló la creación
[2025-09-25T22:43:39.718Z] ERROR: Error en encriptación
[2025-09-25T22:43:39.721Z] ERROR: Error en encriptación
[2025-09-25T22:43:39.724Z] ERROR: Error en encriptación
[2025-09-25T22:43:39.729Z] ERROR: Error en encriptación
[2025-09-25T22:43:39.732Z] ERROR: Error en encriptación
[2025-09-25T22:43:39.995Z] ERROR: Falló la creación
[2025-09-25T22:44:36.148Z] ERROR: Error en encriptación
[2025-09-25T22:44:36.151Z] ERROR: Error en encriptación
[2025-09-25T22:44:36.154Z] ERROR: Error en encriptación
[2025-09-25T22:44:36.157Z] ERROR: Error en encriptación
[2025-09-25T22:44:36.160Z] ERROR: Error en encriptación
[2025-09-25T22:46:29.532Z] ERROR: Error en encriptación
[2025-09-25T22:46:29.535Z] ERROR: Error en encriptación
[2025-09-25T22:46:29.538Z] ERROR: Error en encriptación
[2025-09-25T22:46:29.540Z] ERROR: Error en encriptación
[2025-09-25T22:46:29.543Z] ERROR: Error en encriptación
[2025-09-25T22:46:29.810Z] ERROR: Falló la creación
[2025-09-25T22:46:29.812Z] ERROR: Token inválido
[2025-09-27T16:28:12.932Z] ERROR: Mongo_Chat validation failed: Messages.2.sender: Path `sender` is required.
[2025-09-27T16:29:16.277Z] ERROR: Mongo_Chat validation failed: Messages.2._id: Cast to ObjectId failed for value "[
  {
    sender: '68d80c4ffc6b9a80377dba70',
    content: 'string',
    image: 'string'
  }
]" (type Array) at path "_id" because of "BSONError", Messages.2.sender: Path `sender` is required.
[2025-09-27T16:42:40.144Z] ERROR: Cast to ObjectId failed for value "68d81185ea210cd5516fd32lb" (type string) at path "_id" because of "BSONError"
[2025-09-27T17:27:00.975Z] ERROR: Falló la creación
[2025-09-27T17:27:00.977Z] ERROR: Token inválido
[2025-09-27T17:27:01.514Z] ERROR: Error en encriptación
[2025-09-27T17:27:01.517Z] ERROR: Error en encriptación
[2025-09-27T17:27:01.519Z] ERROR: Error en encriptación
[2025-09-27T17:27:01.522Z] ERROR: Error en encriptación
[2025-09-27T17:27:01.524Z] ERROR: Error en encriptación
[2025-09-27T17:31:21.121Z] ERROR: Falló la creación
[2025-09-27T17:31:21.124Z] ERROR: Token inválido
[2025-09-27T17:31:21.488Z] ERROR: Error en encriptación
[2025-09-27T17:31:21.490Z] ERROR: Error en encriptación
[2025-09-27T17:31:21.493Z] ERROR: Error en encriptación
[2025-09-27T17:31:21.495Z] ERROR: Error en encriptación
[2025-09-27T17:31:21.502Z] ERROR: Error en encriptación
[2025-09-27T17:32:34.525Z] ERROR: Falló la creación
[2025-09-27T17:32:34.527Z] ERROR: Token inválido
[2025-09-27T17:32:34.919Z] ERROR: Error en encriptación
[2025-09-27T17:32:34.922Z] ERROR: Error en encriptación
[2025-09-27T17:32:34.924Z] ERROR: Error en encriptación
[2025-09-27T17:32:34.927Z] ERROR: Error en encriptación
[2025-09-27T17:32:34.931Z] ERROR: Error en encriptación
[2025-09-27T17:34:14.276Z] ERROR: Falló la creación
[2025-09-27T17:34:14.279Z] ERROR: Token inválido
[2025-09-27T17:34:14.670Z] ERROR: Error en encriptación
[2025-09-27T17:34:14.673Z] ERROR: Error en encriptación
[2025-09-27T17:34:14.676Z] ERROR: Error en encriptación
[2025-09-27T17:34:14.678Z] ERROR: Error en encriptación
[2025-09-27T17:34:14.681Z] ERROR: Error en encriptación
[2025-09-27T17:34:15.997Z] ERROR: El id del chat no existe
[2025-09-27T17:36:56.593Z] ERROR: Falló la creación
[2025-09-27T17:36:56.596Z] ERROR: Token inválido
[2025-09-27T17:36:57.021Z] ERROR: Error en encriptación
[2025-09-27T17:36:57.024Z] ERROR: Error en encriptación
[2025-09-27T17:36:57.027Z] ERROR: Error en encriptación
[2025-09-27T17:36:57.029Z] ERROR: Error en encriptación
[2025-09-27T17:36:57.032Z] ERROR: Error en encriptación
[2025-09-27T17:36:58.349Z] ERROR: El id del chat no existe
[2025-09-27T17:36:58.350Z] ERROR: Cannot read properties of undefined (reading 'push')
[2025-09-27T17:36:58.355Z] ERROR: El id del chat no existe
[2025-09-27T17:38:44.234Z] ERROR: Falló la creación
[2025-09-27T17:38:44.236Z] ERROR: Token inválido
[2025-09-27T17:38:44.626Z] ERROR: Error en encriptación
[2025-09-27T17:38:44.628Z] ERROR: Error en encriptación
[2025-09-27T17:38:44.637Z] ERROR: Error en encriptación
[2025-09-27T17:38:44.639Z] ERROR: Error en encriptación
[2025-09-27T17:38:44.643Z] ERROR: Error en encriptación
[2025-09-27T17:38:45.934Z] ERROR: El id del chat no existe
[2025-09-27T17:38:45.937Z] ERROR: El id del chat no existe
[2025-09-27T17:40:58.353Z] ERROR: Falló la creación
[2025-09-27T17:40:58.355Z] ERROR: Token inválido
[2025-09-27T17:40:58.754Z] ERROR: Error en encriptación
[2025-09-27T17:40:58.757Z] ERROR: Error en encriptación
[2025-09-27T17:40:58.759Z] ERROR: Error en encriptación
[2025-09-27T17:40:58.762Z] ERROR: Error en encriptación
[2025-09-27T17:40:58.765Z] ERROR: Error en encriptación
[2025-09-27T17:41:00.168Z] ERROR: El id del chat no existe
[2025-09-27T17:41:00.170Z] ERROR: El id del chat no existe
[2025-09-27T17:41:00.172Z] ERROR: El id del chat no existe
[2025-09-27T17:42:32.763Z] ERROR: Falló la creación
[2025-09-27T17:42:32.766Z] ERROR: Token inválido
[2025-09-27T17:42:33.180Z] ERROR: Error en encriptación
[2025-09-27T17:42:33.183Z] ERROR: Error en encriptación
[2025-09-27T17:42:33.186Z] ERROR: Error en encriptación
[2025-09-27T17:42:33.189Z] ERROR: Error en encriptación
[2025-09-27T17:42:33.192Z] ERROR: Error en encriptación
[2025-09-27T17:42:34.475Z] ERROR: El id del chat no existe
[2025-09-27T17:42:34.477Z] ERROR: El id del chat no existe
[2025-09-27T17:42:34.479Z] ERROR: El id del chat no existe
[2025-09-27T17:42:34.485Z] ERROR: El id del chat no existe
[2025-09-28T17:58:45.961Z] ERROR: Falló la creación
[2025-09-28T17:58:45.964Z] ERROR: Token inválido
[2025-09-28T17:58:47.259Z] ERROR: Error en encriptación
[2025-09-28T17:58:47.262Z] ERROR: Error en encriptación
[2025-09-28T17:58:47.264Z] ERROR: Error en encriptación
[2025-09-28T17:58:47.266Z] ERROR: Error en encriptación
[2025-09-28T17:58:47.269Z] ERROR: Error en encriptación
[2025-09-28T19:18:13.442Z] ERROR: Falló la creación
[2025-09-28T19:18:13.446Z] ERROR: Token inválido
[2025-09-28T19:18:14.651Z] ERROR: El id del chat no existe
[2025-09-28T19:18:14.654Z] ERROR: El id del chat no existe
[2025-09-28T19:18:14.656Z] ERROR: El id del chat no existe
[2025-09-28T19:18:14.657Z] ERROR: El id del chat no existe
[2025-09-28T19:18:14.729Z] ERROR: Error en encriptación
[2025-09-28T19:18:14.737Z] ERROR: Error en encriptación
[2025-09-28T19:18:14.740Z] ERROR: Error en encriptación
[2025-09-28T19:18:14.742Z] ERROR: Error en encriptación
[2025-09-28T19:18:14.745Z] ERROR: Error en encriptación
[2025-09-28T19:18:38.547Z] ERROR: El id del chat no existe
[2025-09-28T19:18:38.550Z] ERROR: El id del chat no existe
[2025-09-28T19:18:38.552Z] ERROR: El id del chat no existe
[2025-09-28T19:18:38.558Z] ERROR: El id del chat no existe
[2025-09-28T19:18:38.871Z] ERROR: Falló la creación
[2025-09-28T19:18:38.873Z] ERROR: Token inválido
[2025-09-28T19:18:39.933Z] ERROR: Error en encriptación
[2025-09-28T19:18:39.935Z] ERROR: Error en encriptación
[2025-09-28T19:18:39.938Z] ERROR: Error en encriptación
[2025-09-28T19:18:39.939Z] ERROR: Error en encriptación
[2025-09-28T19:18:39.942Z] ERROR: Error en encriptación
[2025-09-28T19:28:25.099Z] ERROR: Falló la creación
[2025-09-28T19:28:25.102Z] ERROR: Token inválido
[2025-09-28T19:28:26.373Z] ERROR: El id del chat no existe
[2025-09-28T19:28:26.376Z] ERROR: El id del chat no existe
[2025-09-28T19:28:26.384Z] ERROR: El id del chat no existe
[2025-09-28T19:28:26.385Z] ERROR: El id del chat no existe
[2025-09-28T19:28:26.390Z] ERROR: Error en encriptación
[2025-09-28T19:28:26.393Z] ERROR: Error en encriptación
[2025-09-28T19:28:26.396Z] ERROR: Error en encriptación
[2025-09-28T19:28:26.399Z] ERROR: Error en encriptación
[2025-09-28T19:28:26.401Z] ERROR: Error en encriptación
[2025-09-28T19:28:41.663Z] ERROR: El id del chat no existe
[2025-09-28T19:28:41.668Z] ERROR: El id del chat no existe
[2025-09-28T19:28:41.670Z] ERROR: El id del chat no existe
[2025-09-28T19:28:41.677Z] ERROR: El id del chat no existe
[2025-09-28T19:28:41.986Z] ERROR: Falló la creación
[2025-09-28T19:28:41.990Z] ERROR: Token inválido
[2025-09-28T19:28:43.130Z] ERROR: Error en encriptación
[2025-09-28T19:28:43.133Z] ERROR: Error en encriptación
[2025-09-28T19:28:43.135Z] ERROR: Error en encriptación
[2025-09-28T19:28:43.137Z] ERROR: Error en encriptación
[2025-09-28T19:28:43.140Z] ERROR: Error en encriptación
[2025-09-28T19:45:08.532Z] ERROR: Falló la creación
[2025-09-28T19:45:08.535Z] ERROR: Token inválido
[2025-09-28T19:45:08.879Z] ERROR: El id del chat no existe
[2025-09-28T19:45:08.882Z] ERROR: El id del chat no existe
[2025-09-28T19:45:08.883Z] ERROR: El id del chat no existe
[2025-09-28T19:45:08.885Z] ERROR: El id del chat no existe
[2025-09-28T19:45:08.901Z] ERROR: Error en encriptación
[2025-09-28T19:45:08.904Z] ERROR: Error en encriptación
[2025-09-28T19:45:08.906Z] ERROR: Error en encriptación
[2025-09-28T19:45:08.908Z] ERROR: Error en encriptación
[2025-09-28T19:45:08.911Z] ERROR: Error en encriptación
[2025-09-28T19:45:36.787Z] ERROR: Falló la creación
[2025-09-28T19:45:36.789Z] ERROR: Token inválido
[2025-09-28T19:45:37.135Z] ERROR: El id del chat no existe
[2025-09-28T19:45:37.137Z] ERROR: El id del chat no existe
[2025-09-28T19:45:37.139Z] ERROR: El id del chat no existe
[2025-09-28T19:45:37.140Z] ERROR: El id del chat no existe
[2025-09-28T19:45:37.157Z] ERROR: Error en encriptación
[2025-09-28T19:45:37.160Z] ERROR: Error en encriptación
[2025-09-28T19:45:37.162Z] ERROR: Error en encriptación
[2025-09-28T19:45:37.165Z] ERROR: Error en encriptación
[2025-09-28T19:45:37.168Z] ERROR: Error en encriptación
[2025-09-28T19:47:34.190Z] ERROR: Falló la creación
[2025-09-28T19:47:34.192Z] ERROR: Token inválido
[2025-09-28T19:47:34.594Z] ERROR: El id del chat no existe
[2025-09-28T19:47:34.596Z] ERROR: El id del chat no existe
[2025-09-28T19:47:34.598Z] ERROR: El id del chat no existe
[2025-09-28T19:47:34.604Z] ERROR: El id del chat no existe
[2025-09-28T19:47:34.615Z] ERROR: Error en encriptación
[2025-09-28T19:47:34.618Z] ERROR: Error en encriptación
[2025-09-28T19:47:34.621Z] ERROR: Error en encriptación
[2025-09-28T19:47:34.623Z] ERROR: Error en encriptación
[2025-09-28T19:47:34.626Z] ERROR: Error en encriptación
[2025-09-28T19:51:22.933Z] ERROR: Falló la creación
[2025-09-28T19:51:22.935Z] ERROR: Token inválido
[2025-09-28T19:51:23.311Z] ERROR: El id del chat no existe
[2025-09-28T19:51:23.314Z] ERROR: El id del chat no existe
[2025-09-28T19:51:23.315Z] ERROR: El id del chat no existe
[2025-09-28T19:51:23.317Z] ERROR: El id del chat no existe
[2025-09-28T19:51:23.347Z] ERROR: Error en encriptación
[2025-09-28T19:51:23.349Z] ERROR: Error en encriptación
[2025-09-28T19:51:23.352Z] ERROR: Error en encriptación
[2025-09-28T19:51:23.362Z] ERROR: Error en encriptación
[2025-09-28T19:51:23.366Z] ERROR: Error en encriptación
[2025-09-28T20:08:31.463Z] ERROR: Falló la creación
[2025-09-28T20:08:31.465Z] ERROR: Token inválido
[2025-09-28T20:08:31.846Z] ERROR: Error en encriptación
[2025-09-28T20:08:31.849Z] ERROR: Error en encriptación
[2025-09-28T20:08:31.852Z] ERROR: Error en encriptación
[2025-09-28T20:08:31.855Z] ERROR: Error en encriptación
[2025-09-28T20:08:31.858Z] ERROR: Error en encriptación
[2025-09-28T20:08:33.229Z] ERROR: El id del chat no existe
[2025-09-28T20:08:33.231Z] ERROR: El id del chat no existe
[2025-09-28T20:08:33.233Z] ERROR: El id del chat no existe
[2025-09-28T20:08:33.234Z] ERROR: El id del chat no existe
[2025-09-28T20:26:08.344Z] ERROR: Falló la creación
[2025-09-28T20:26:08.346Z] ERROR: Token inválido
[2025-09-28T20:26:08.694Z] ERROR: El id del chat no existe
[2025-09-28T20:26:08.696Z] ERROR: El id del chat no existe
[2025-09-28T20:26:08.698Z] ERROR: El id del chat no existe
[2025-09-28T20:26:08.699Z] ERROR: El id del chat no existe
[2025-09-28T20:26:08.723Z] ERROR: Error en encriptación
[2025-09-28T20:26:08.726Z] ERROR: Error en encriptación
[2025-09-28T20:26:08.729Z] ERROR: Error en encriptación
[2025-09-28T20:26:08.732Z] ERROR: Error en encriptación
[2025-09-28T20:26:08.741Z] ERROR: Error en encriptación
[2025-09-28T21:36:59.246Z] ERROR: El id del chat no existe
[2025-10-02T22:47:19.178Z] ERROR: Operation `Users.findOne()` buffering timed out after 10000ms
[2025-10-03T12:46:38.682Z] ERROR: No existen chats para este usuario
