[2025-10-01T15:43:01.393Z] INFO: Servidor corriendo en http://localhost:4001
[2025-10-01T15:43:01.538Z] INFO: Cliente con ID RYUXGIKsOCOJZUgiAAAC conectado
[2025-10-01T15:43:01.547Z] INFO: Cliente con ID 9YPIvlk9atgfw87sAAAD conectado
[2025-10-01T15:43:01.550Z] INFO: Usuario 123 unido a su sala
[2025-10-01T15:43:01.564Z] INFO: Usuario 123 unido a su sala
[2025-10-01T15:43:01.577Z] INFO: Cliente con ID RYUXGIKsOCOJZUgiAAAC desconectado
[2025-10-01T15:43:01.579Z] INFO: Cliente con ID 9YPIvlk9atgfw87sAAAD desconectado
[2025-10-01T15:43:01.638Z] INFO: Cliente con ID Qkr3-I3xlKOjed1bAAAF conectado
[2025-10-01T15:43:01.650Z] INFO: Usuario 123 unido a su sala
[2025-10-01T15:43:01.657Z] INFO: Cliente con ID NPFC5h78dogiQ0poAAAH conectado
[2025-10-01T15:43:01.670Z] INFO: Usuario 123 unido a su sala
[2025-10-01T15:43:01.679Z] INFO: Cliente con ID kBb8xpExFlZHdjSgAAAJ conectado
[2025-10-01T15:43:01.687Z] INFO: Usuario 123 unido a su sala
[2025-10-01T15:43:03.014Z] INFO: Usuario 123 unido a su sala
[2025-10-01T15:43:03.014Z] INFO: Usuario 123 unido a su sala
[2025-10-01T15:43:03.015Z] INFO: Usuario 123 unido a su sala
[2025-10-01T15:44:19.065Z] INFO: Servidor corriendo en http://localhost:4001
[2025-10-01T15:44:19.237Z] INFO: Cliente con ID Y6ijYLnbmw8UXCkgAAAC conectado
[2025-10-01T15:44:19.240Z] INFO: Cliente con ID eYgtZHAU5SfgAFETAAAE conectado
[2025-10-01T15:44:19.250Z] INFO: Usuario 123 unido a su sala
[2025-10-01T15:44:19.253Z] INFO: Usuario 123 unido a su sala
[2025-10-01T15:44:19.255Z] INFO: Cliente con ID cgfTb8UjtQpDyhOKAAAF conectado
[2025-10-01T15:44:19.277Z] INFO: Usuario 123 unido a su sala
[2025-10-01T15:50:11.986Z] INFO: Servidor corriendo en http://localhost:4001
[2025-10-01T15:50:12.073Z] INFO: Cliente con ID hsehbvYmSSmR66c7AAAB conectado
[2025-10-01T15:50:12.083Z] INFO: Usuario 123 unido a su sala
